[   23833ms] [ERROR] ./personal_website/components/mdx-components.tsx:4:1
Export Grid doesn't exist in target module
  2 | import { ImageLightbox } from "./image-lightbox";
  3 | import { Blockquote } from "./callout";
> 4 | import { Grid } from "./grid";
    | ^^^^^^^^^^^^^^^^^^^^^^^^^^^^^^
  5 |
  6 | export const mdxComponents: MDXComponents = {
  7 |   Grid,

The export Grid was not found in module [project]/personal_website/components/grid.tsx [app-rsc] (ecmascript).
Did you mean to import Grid4?
All exports of the module are statically known (It doesn't have dynamic exports). So it's known statically that the requested export doesn't exist.

Import trace:
  Server Component:
    ./personal_website/components/mdx-components.tsx
    ./personal_website/app/writing/[slug]/page.tsx @ http://localhost:3001/_next/static/chunks/0v1n_next_dist_0l12.vf._.js:3272
[   23908ms] [ERROR] ./personal_website/components/mdx-components.tsx:4:1
Export Grid doesn't exist in target module
  2 | import { ImageLightbox } from "./image-lightbox";
  3 | import { Blockquote } from "./callout";
> 4 | import { Grid } from "./grid";
    | ^^^^^^^^^^^^^^^^^^^^^^^^^^^^^^
  5 |
  6 | export const mdxComponents: MDXComponents = {
  7 |   Grid,

The export Grid was not found in module [project]/personal_website/components/grid.tsx [app-rsc] (ecmascript).
Did you mean to import Grid4?
All exports of the module are statically known (It doesn't have dynamic exports). So it's known statically that the requested export doesn't exist.

Import trace:
  Server Component:
    ./personal_website/components/mdx-components.tsx
    ./personal_website/app/writing/[slug]/page.tsx @ http://localhost:3001/_next/static/chunks/0v1n_next_dist_0l12.vf._.js:3272
[   33583ms] Error: Expected component `Grid` to be defined: you likely forgot to import, pass, or provide it.
It’s referenced in your code at `26:1-36:8`
    at resolveErrorDev (http://localhost:3001/_next/static/chunks/0v1n_next_dist_compiled_react-server-dom-turbopack_03ljvsm._.js:1919:105)
    at processFullStringRow (http://localhost:3001/_next/static/chunks/0v1n_next_dist_compiled_react-server-dom-turbopack_03ljvsm._.js:2434:29)
    at processFullBinaryRow (http://localhost:3001/_next/static/chunks/0v1n_next_dist_compiled_react-server-dom-turbopack_03ljvsm._.js:2393:9)
    at processBinaryChunk (http://localhost:3001/_next/static/chunks/0v1n_next_dist_compiled_react-server-dom-turbopack_03ljvsm._.js:2502:221)
    at progress (http://localhost:3001/_next/static/chunks/0v1n_next_dist_compiled_react-server-dom-turbopack_03ljvsm._.js:2689:13)
[   83215ms] [ERROR] Failed to load resource: the server responded with a status of 500 (Internal Server Error) @ http://localhost:3001/writing/test:0
[   83260ms] [ERROR] Encountered a script tag while rendering React component. Scripts inside React components are never executed when rendering on the client. Consider using template tag instead (https://developer.mozilla.org/en-US/docs/Web/HTML/Element/template). @ http://localhost:3001/_next/static/chunks/0v1n_next_dist_0l12.vf._.js:3272
[   83313ms] Error: Expected component `Grid` to be defined: you likely forgot to import, pass, or provide it.
It’s referenced in your code at `26:1-36:8`
    at resolveErrorDev (http://localhost:3001/_next/static/chunks/0v1n_next_dist_compiled_react-server-dom-turbopack_03ljvsm._.js:1919:105)
    at processFullStringRow (http://localhost:3001/_next/static/chunks/0v1n_next_dist_compiled_react-server-dom-turbopack_03ljvsm._.js:2434:29)
    at processFullBinaryRow (http://localhost:3001/_next/static/chunks/0v1n_next_dist_compiled_react-server-dom-turbopack_03ljvsm._.js:2393:9)
    at processBinaryChunk (http://localhost:3001/_next/static/chunks/0v1n_next_dist_compiled_react-server-dom-turbopack_03ljvsm._.js:2502:221)
    at progress (http://localhost:3001/_next/static/chunks/0v1n_next_dist_compiled_react-server-dom-turbopack_03ljvsm._.js:2689:13)
